[2025-08-16 17:57:20.839] [server_logger] [info] Тест ротируемых логов
[2025-08-16 17:57:30.621] [server_logger] [info] Тест ротируемых логов
[2025-08-16 17:57:31.229] [server_logger] [info] Тест ротируемых логов
[2025-08-16 17:57:32.378] [server_logger] [info] Тест ротируемых логов
[2025-08-16 17:59:18.068] [server_logger] [info] Тест ротируемых логов
[2025-08-16 17:59:19.248] [server_logger] [info] Тест ротируемых логов
[2025-08-18 17:25:14.856] [server_logger] [info] Тест ротируемых логов
[2025-08-18 17:33:27.098] [server_logger] [info] Тест ротируемых логов
[2025-08-18 17:33:57.921] [server_logger] [info] Тест ротируемых логов
[2025-08-18 17:35:14.355] [server_logger] [info] Тест ротируемых логов
[2025-08-18 17:35:14.356] [server_logger] [error] Не удалось привязать сокет
[2025-08-18 17:35:20.554] [server_logger] [info] Тест ротируемых логов
[2025-08-18 17:35:20.554] [server_logger] [error] Не удалось привязать сокет
[2025-08-18 17:35:21.786] [server_logger] [info] Тест ротируемых логов
[2025-08-18 17:35:21.787] [server_logger] [error] Не удалось привязать сокет
[2025-08-18 17:35:22.859] [server_logger] [info] Тест ротируемых логов
[2025-08-18 17:35:22.859] [server_logger] [error] Не удалось привязать сокет
[2025-08-18 17:35:35.289] [server_logger] [info] Тест ротируемых логов
[2025-08-18 17:35:35.290] [server_logger] [error] Не удалось привязать сокет
[2025-08-18 17:35:39.060] [server_logger] [info] Тест ротируемых логов
[2025-08-18 17:35:39.061] [server_logger] [error] Не удалось привязать сокет
[2025-08-18 17:35:49.089] [server_logger] [info] Тест ротируемых логов
[2025-08-18 17:35:49.089] [server_logger] [error] Не удалось привязать сокет
[2025-08-18 17:36:35.873] [server_logger] [info] Тест ротируемых логов
[2025-08-18 18:03:47.364] [server_logger] [info] Тест ротируемых логов
[2025-08-18 18:05:36.799] [server_logger] [info] Тест ротируемых логов
[2025-08-18 18:06:22.240] [server_logger] [info] Тест ротируемых логов
[2025-08-18 18:13:01.499] [server_logger] [info] Тест ротируемых логов
[2025-08-18 20:38:19.797] [server_logger] [info] Тест ротируемых логов
[2025-08-18 20:38:19.797] [server_logger] [error] Не удалось привязать сокет
[2025-08-19 13:21:02.083] [server_logger] [info] Тест ротируемых логов
[2025-08-19 13:29:44.039] [server_logger] [info] Тест ротируемых логов
[2025-08-19 17:01:07.671] [server_logger] [info] Тест ротируемых логов
[2025-08-19 17:01:07.672] [server_logger] [error] Не удалось привязать сокет
[2025-08-19 17:01:09.378] [server_logger] [info] Тест ротируемых логов
[2025-08-19 17:01:09.378] [server_logger] [error] Не удалось привязать сокет
[2025-08-19 17:01:10.019] [server_logger] [info] Тест ротируемых логов
[2025-08-19 17:01:10.019] [server_logger] [error] Не удалось привязать сокет
[2025-08-19 17:01:36.129] [server_logger] [info] Тест ротируемых логов
[2025-08-19 17:01:36.130] [server_logger] [error] Не удалось привязать сокет
[2025-08-19 17:01:37.481] [server_logger] [info] Тест ротируемых логов
[2025-08-19 17:01:37.481] [server_logger] [error] Не удалось привязать сокет
[2025-08-19 17:01:38.905] [server_logger] [info] Тест ротируемых логов
[2025-08-19 17:01:38.906] [server_logger] [error] Не удалось привязать сокет
[2025-08-19 17:10:49.831] [server_logger] [info] Тест ротируемых логов
[2025-08-19 17:10:49.831] [server_logger] [error] Не удалось привязать сокет
[2025-08-19 17:10:56.520] [server_logger] [info] Тест ротируемых логов
[2025-08-19 17:10:56.520] [server_logger] [error] Не удалось привязать сокет
[2025-08-19 17:10:58.167] [server_logger] [info] Тест ротируемых логов
[2025-08-19 17:10:58.167] [server_logger] [error] Не удалось привязать сокет
[2025-08-19 17:10:58.934] [server_logger] [info] Тест ротируемых логов
[2025-08-19 17:10:58.935] [server_logger] [error] Не удалось привязать сокет
[2025-08-19 17:10:59.716] [server_logger] [info] Тест ротируемых логов
[2025-08-19 17:10:59.716] [server_logger] [error] Не удалось привязать сокет
[2025-08-19 17:11:00.290] [server_logger] [info] Тест ротируемых логов
[2025-08-19 17:11:00.290] [server_logger] [error] Не удалось привязать сокет
[2025-08-19 17:11:00.888] [server_logger] [info] Тест ротируемых логов
[2025-08-19 17:11:00.888] [server_logger] [error] Не удалось привязать сокет
[2025-08-19 17:11:02.155] [server_logger] [info] Тест ротируемых логов
[2025-08-19 17:11:02.156] [server_logger] [error] Не удалось привязать сокет
[2025-08-19 17:11:03.027] [server_logger] [info] Тест ротируемых логов
[2025-08-19 17:11:03.027] [server_logger] [error] Не удалось привязать сокет
[2025-08-19 17:11:04.369] [server_logger] [info] Тест ротируемых логов
[2025-08-19 17:11:04.370] [server_logger] [error] Не удалось привязать сокет
[2025-08-19 17:11:04.900] [server_logger] [info] Тест ротируемых логов
[2025-08-19 17:11:04.900] [server_logger] [error] Не удалось привязать сокет
[2025-08-19 17:11:05.390] [server_logger] [info] Тест ротируемых логов
[2025-08-19 17:11:05.390] [server_logger] [error] Не удалось привязать сокет
[2025-08-19 17:11:10.568] [server_logger] [info] Тест ротируемых логов
[2025-08-19 17:11:10.568] [server_logger] [error] Не удалось привязать сокет
[2025-08-19 17:11:12.906] [server_logger] [info] Тест ротируемых логов
[2025-08-19 17:11:12.906] [server_logger] [error] Не удалось привязать сокет
[2025-08-19 17:11:13.925] [server_logger] [info] Тест ротируемых логов
[2025-08-19 17:11:13.925] [server_logger] [error] Не удалось привязать сокет
[2025-08-19 17:11:14.821] [server_logger] [info] Тест ротируемых логов
[2025-08-19 17:11:14.821] [server_logger] [error] Не удалось привязать сокет
[2025-08-19 17:11:15.779] [server_logger] [info] Тест ротируемых логов
[2025-08-19 17:11:15.780] [server_logger] [error] Не удалось привязать сокет
[2025-08-19 17:11:16.475] [server_logger] [info] Тест ротируемых логов
[2025-08-19 17:11:16.476] [server_logger] [error] Не удалось привязать сокет
[2025-08-19 17:23:15.021] [server_logger] [info] Тест ротируемых логов
[2025-08-19 17:30:40.567] [server_logger] [info] Тест ротируемых логов
[2025-08-19 17:33:05.221] [server_logger] [info] Тест ротируемых логов
[2025-08-19 17:33:05.221] [server_logger] [error] Не удалось привязать сокет
[2025-08-19 17:33:07.550] [server_logger] [info] Тест ротируемых логов
[2025-08-19 17:33:07.550] [server_logger] [error] Не удалось привязать сокет
[2025-08-19 17:34:32.384] [server_logger] [info] Тест ротируемых логов
[2025-08-19 17:43:18.905] [server_logger] [info] Тест ротируемых логов
[2025-08-19 17:43:50.587] [server_logger] [info] Маркировка началась
[2025-08-19 17:43:55.587] [server_logger] [info] Маркировка закончена
[2025-08-19 17:44:33.542] [server_logger] [info] Тест ротируемых логов
[2025-08-19 17:44:55.499] [server_logger] [info] Маркировка началась
[2025-08-19 17:45:00.499] [server_logger] [info] Маркировка закончена
[2025-08-19 17:45:20.503] [server_logger] [info] Маркировка началась
[2025-08-19 17:45:25.503] [server_logger] [info] Маркировка закончена
[2025-08-24 18:19:50.412] [server_logger] [info] Тест ротируемых логов
[2025-08-24 18:20:28.515] [server_logger] [info] Тест ротируемых логов
[2025-08-24 18:28:00.897] [server_logger] [info] Сервер запущен (макс. 1 подключение)
